# Домашнее задание к занятию «Индексы»

### Боробов Иван Сергеевич

### Задание 1

Напишите запрос к учебной базе данных, который вернёт процентное отношение общего размера всех индексов к общему размеру всех таблиц.

### Ответ:

```
SELECT TABLE_SCHEMA, sum(DATA_LENGTH), sum(INDEX_LENGTH), ROUND(sum(INDEX_LENGTH)/sum(DATA_LENGTH)*100) as '%'
FROM INFORMATION_SCHEMA.TABLES
WHERE  TABLE_SCHEMA = 'sakila' ;
```

### Задание 2

Выполните explain analyze следующего запроса:
```sql
select distinct concat(c.last_name, ' ', c.first_name), sum(p.amount) over (partition by c.customer_id, f.title)
from payment p, rental r, customer c, inventory i, film f
where date(p.payment_date) = '2005-07-30' and p.payment_date = r.rental_date and r.customer_id = c.customer_id and i.inventory_id = r.inventory_id
```
- перечислите узкие места;
- оптимизируйте запрос: внесите корректировки по использованию операторов, при необходимости добавьте индексы.

# Ответ:

Таблица film не участвует в отборе, то есть мы ее не испрользуем:
```
where date(p.payment_date) = '2005-07-30' and p.payment_date = r.rental_date and r.customer_id = c.customer_id and i.inventory_id = r.inventory_id
```
Не будем открывть окно при помощи over() и проводить группировку через partition by, по полям c.customer_id, f.title
```
over (partition by c.customer_id, f.title)
```
Заменил DISTINCT на GROUP BY, так как после проделаных выше манипуляций полчил ошибку:
```
SQL Error [1140] [42000]: In aggregated query without GROUP BY, expression #1 of SELECT list contains nonaggregated column 'sakila.c.last_name'; this is incompatible with sql_mode=only_full_group_by
```
Получается следующий запрос (добавил join):
```
select concat(c.last_name, ' ', c.first_name) as FI, sum(p.amount) as 'SUM'
from payment p
join rental r ON p.rental_id = r.rental_id
join customer c ON r.customer_id = c.customer_id 
join inventory i ON r.inventory_id = i.inventory_id 
where p.payment_date >= '2005-07-30' and p.payment_date < DATE_ADD('2005-07-30', INTERVAL 1 DAY)
group by FI;

```

Создал индекс payment_index в таблиуе payment, на поле payment_date:
```
CREATE INDEX payment_index ON payment(payment_date);
```

Проверил наличие индекса:
```
SELECT *
FROM INFORMATION_SCHEMA.STATISTICS
WHERE TABLE_NAME='payment';
```
![2](https://github.com/Borobov/05-Data-storage-and-transmission-systems-/blob/4da254688174624dc61044c2011a69c5529d8259/img-12-05/img-12-05-3.png)

До оптимизации (EXPLAIN ANALYZE):
```
-> Limit: 200 row(s)  (cost=0..0 rows=0) (actual time=4929..4929 rows=200 loops=1)
    -> Table scan on <temporary>  (cost=2.5..2.5 rows=0) (actual time=4929..4929 rows=200 loops=1)
        -> Temporary table with deduplication  (cost=0..0 rows=0) (actual time=4929..4929 rows=391 loops=1)
            -> Window aggregate with buffering: sum(payment.amount) OVER (PARTITION BY c.customer_id,f.title )   (actual time=1959..4748 rows=642000 loops=1)
                -> Sort: c.customer_id, f.title  (actual time=1959..2022 rows=642000 loops=1)
                    -> Stream results  (cost=10.5e+6 rows=16.1e+6) (actual time=0.312..1534 rows=642000 loops=1)
                        -> Nested loop inner join  (cost=10.5e+6 rows=16.1e+6) (actual time=0.308..1323 rows=642000 loops=1)
                            -> Nested loop inner join  (cost=8.85e+6 rows=16.1e+6) (actual time=0.306..1166 rows=642000 loops=1)
                                -> Nested loop inner join  (cost=7.24e+6 rows=16.1e+6) (actual time=0.302..989 rows=642000 loops=1)
                                    -> Inner hash join (no condition)  (cost=1.61e+6 rows=16.1e+6) (actual time=0.292..49.2 rows=634000 loops=1)
                                        -> Filter: (cast(p.payment_date as date) = '2005-07-30')  (cost=1.68 rows=16086) (actual time=0.025..5.96 rows=634 loops=1)
                                            -> Table scan on p  (cost=1.68 rows=16086) (actual time=0.0163..3.85 rows=16044 loops=1)
                                        -> Hash
                                            -> Covering index scan on f using idx_title  (cost=103 rows=1000) (actual time=0.0349..0.202 rows=1000 loops=1)
                                    -> Covering index lookup on r using rental_date (rental_date=p.payment_date)  (cost=0.25 rows=1) (actual time=930e-6..0.00135 rows=1.01 loops=634000)
                                -> Single-row index lookup on c using PRIMARY (customer_id=r.customer_id)  (cost=250e-6 rows=1) (actual time=125e-6..149e-6 rows=1 loops=642000)
                            -> Single-row covering index lookup on i using PRIMARY (inventory_id=r.inventory_id)  (cost=250e-6 rows=1) (actual time=95.5e-6..118e-6 rows=1 loops=642000)
```
После оптимизации (EXPLAIN ANALYZE):
```
-> Limit: 200 row(s)  (actual time=3.77..3.79 rows=200 loops=1)
    -> Table scan on <temporary>  (actual time=3.76..3.78 rows=200 loops=1)
        -> Aggregate using temporary table  (actual time=3.76..3.76 rows=391 loops=1)
            -> Nested loop inner join  (cost=1396 rows=634) (actual time=0.0353..3.27 rows=634 loops=1)
                -> Nested loop inner join  (cost=1175 rows=634) (actual time=0.0333..2.66 rows=634 loops=1)
                    -> Nested loop inner join  (cost=953 rows=634) (actual time=0.0303..2.01 rows=634 loops=1)
                        -> Filter: (p.rental_id is not null)  (cost=286 rows=634) (actual time=0.0237..1.27 rows=634 loops=1)
                            -> Index range scan on p using payment_index over ('2005-07-30 00:00:00' <= payment_date < '2005-07-31 00:00:00'), with index condition: ((p.payment_date >= TIMESTAMP'2005-07-30 00:00:00') and (p.payment_date < <cache>(('2005-07-30' + interval 1 day))))  (cost=286 rows=634) (actual time=0.0227..1.23 rows=634 loops=1)
                        -> Single-row index lookup on r using PRIMARY (rental_id=p.rental_id)  (cost=0.952 rows=1) (actual time=0.00101..0.00103 rows=1 loops=634)
                    -> Single-row index lookup on c using PRIMARY (customer_id=r.customer_id)  (cost=0.25 rows=1) (actual time=882e-6..904e-6 rows=1 loops=634)
                -> Single-row covering index lookup on i using PRIMARY (inventory_id=r.inventory_id)  (cost=0.25 rows=1) (actual time=818e-6..841e-6 rows=1 loops=634)

```


## Дополнительные задания (со звёздочкой*)
Эти задания дополнительные, то есть не обязательные к выполнению, и никак не повлияют на получение вами зачёта по этому домашнему заданию. Вы можете их выполнить, если хотите глубже шире разобраться в материале.

### Задание 3*

Самостоятельно изучите, какие типы индексов используются в PostgreSQL. Перечислите те индексы, которые используются в PostgreSQL, а в MySQL — нет.

*Приведите ответ в свободной форме.*

### Ответ:
![изображение](https://github.com/Borobov/05-Data-storage-and-transmission-systems-/assets/122168309/5b6f7f18-78af-4afd-bac7-905c3293b678)

